<?xml version="1.0" encoding="UTF-8"?>
<!-- Generated by org.testng.reporters.JUnitReportReporter -->
<testsuite hostname="DESKTOP-13B31V8" failures="0" tests="1" name="first.TestClass" time="0.022" errors="0" timestamp="2021-03-08T22:45:44 CET" skipped="0">
  <testcase classname="first.TestClass" name="verify" time="0.022"/>
  <system-out/>
</testsuite> <!-- first.TestClass -->
